<?xml version="1.0" encoding="UTF-8"?>
<!-- Generated by org.testng.reporters.JUnitReportReporter -->
<testsuite skipped="0" hostname="DESKTOP-RVG9CG3" name="mp.mp.PruebaTest" tests="1" failures="0" timestamp="29 ago 2019 12:22:06 GMT" time="2.554" errors="0">
  <testcase name="editAccount" time="2.554" classname="mp.mp.PruebaTest"/>
</testsuite> <!-- mp.mp.PruebaTest -->
